<?xml version="1.0" encoding="UTF-8"?>
<!-- Generated by org.testng.reporters.JUnitReportReporter -->
<testsuite skipped="0" hostname="LAPTOP-1R5NMNG1" name="com.testCase.ClearTripCase" tests="1" failures="0" timestamp="2020-10-15T09:16:46 IST" time="57.180" errors="0">
  <testcase name="test" time="57.180" classname="com.testCase.ClearTripCase"/>
  <system-out/>
</testsuite> <!-- com.testCase.ClearTripCase -->
